<?xml version="1.0" encoding="UTF-8"?>
<!-- Generated by org.testng.reporters.JUnitXMLReporter -->
<testsuite ignored="0" hostname="LAPTOP-VPVH4IKM" failures="0" tests="3" name="Default test" time="129.348" errors="0" timestamp="2021-10-16T09:23:54 IST">
  <testcase classname="com.ddf.test.LoginTest.loginTest_v1" name="testOne" time="62.869"/>
  <testcase classname="com.ddf.test.LoginTest.loginTest_v1" name="testTwo" time="37.012"/>
  <testcase classname="com.ddf.test.LoginTest.loginTest_v1" name="testThree" time="29.391"/>
</testsuite> <!-- Default test -->
