<?xml version="1.0" encoding="UTF-8"?>
<testng-results ignored="0" total="3" passed="3" failed="0" skipped="0">
  <reporter-output>
  </reporter-output>
  <suite started-at="2021-10-16T09:21:45 IST" name="Default suite" finished-at="2021-10-16T09:23:54 IST" duration-ms="129348">
    <groups>
    </groups>
    <test started-at="2021-10-16T09:21:45 IST" name="Default test" finished-at="2021-10-16T09:23:54 IST" duration-ms="129348">
      <class name="com.ddf.test.LoginTest.loginTest_v1">
        <test-method signature="testOne()[pri:0, instance:com.ddf.test.LoginTest.loginTest_v1@7a419da4]" started-at="2021-10-16T09:21:45 IST" name="testOne" finished-at="2021-10-16T09:22:47 IST" duration-ms="62869" status="PASS">
          <reporter-output>
          </reporter-output>
        </test-method> <!-- testOne -->
        <test-method signature="testTwo()[pri:0, instance:com.ddf.test.LoginTest.loginTest_v1@7a419da4]" started-at="2021-10-16T09:22:47 IST" name="testTwo" finished-at="2021-10-16T09:23:24 IST" depends-on-methods="com.ddf.test.LoginTest.loginTest_v1.testOne" duration-ms="37012" status="PASS">
          <reporter-output>
          </reporter-output>
        </test-method> <!-- testTwo -->
        <test-method signature="testThree()[pri:0, instance:com.ddf.test.LoginTest.loginTest_v1@7a419da4]" started-at="2021-10-16T09:23:25 IST" name="testThree" finished-at="2021-10-16T09:23:54 IST" depends-on-methods="com.ddf.test.LoginTest.loginTest_v1.testTwo" duration-ms="29391" status="PASS">
          <reporter-output>
          </reporter-output>
        </test-method> <!-- testThree -->
      </class> <!-- com.ddf.test.LoginTest.loginTest_v1 -->
    </test> <!-- Default test -->
  </suite> <!-- Default suite -->
</testng-results>
